
ROM used:   611/8192 (7%)
            611/8192 (7%) including unused fragments

            0.5 Average locations per line
            6.2 Average locations per statement

RAM used:   50/368 (14%) at main() level
            54/368 (15%) worst case

Stack used: 1 worst case (0 in main + 1 for interrupts)
Stack size: 8

Lines Stmts  %   Files
----- ----- ---  -----
  143    99 100  main.c
   23     0   0  main.h
  756     0   0  ..\..\..\..\..\Program Files (x86)\PICC\Devices\16F886.h
  163     0   0  ..\..\..\..\..\Program Files (x86)\PICC\Drivers\stdint.h
   34     0   0  ..\..\..\..\..\Program Files (x86)\PICC\Drivers\stdbool.h
----- -----
 1119    99 Total

Page ROM  %  RAM    Vol Diff  Functions:
---- --- --- ---    --- ----  ----------
0     20   3    1             @delay_ms1
0     17   3    1             @delay_us1
0     76  12    1             @GET_TICKS_1
0     24   4    8     56  3.4  GetTickDifference
0     16   3    1    116  3.8  check_limit
0     92  15    1    837  5.8  tick
0     12   2    0     76  2.4  EXT_isr
0     83  14    1    543  3.8  led_display
0    224  37   12    695  5.9  MAIN
 Inline         0             @cinit1

Program metrics:
    Functions               6
    Statements              99
    Comments                206
    Volume (V)              3251
    Difficulty (D)          24.7
    Effort to implement (E) 80235
    Time to implement (T)   1 hours, 14 minutes
    Est Delivered Bugs (B)  1
    Cyclomatic Complexity   26
    Maintainability (MI)    109

 Segment     Used  Free
-----------  ----  ----
00000-00003     4  0  
00004-0002E    43  0  
0002F-007FF   564  1437  
00800-00FFF     0  2048  
01000-017FF     0  2048  
01800-01FFF     0  2048  



